<?xml version="1.0" encoding="UTF-8"?>
<!-- Generated by org.testng.reporters.JUnitReportReporter -->
<testsuite hostname="DESKTOP-CD955F8" name="SeleniumProject.SeleniumProject.MainClass" tests="1" failures="0" timestamp="22 Mar 2022 03:58:37 GMT" time="23.441" errors="0">
  <testcase name="test1" time="23.441" classname="SeleniumProject.SeleniumProject.MainClass"/>
</testsuite> <!-- SeleniumProject.SeleniumProject.MainClass -->
