<?xml version="1.0" encoding="UTF-8"?>
<!-- Generated by org.testng.reporters.JUnitReportReporter -->
<testsuite hostname="DESKTOP-CD955F8" name="SeleniumProject.SeleniumProject.MainClass" tests="1" failures="0" timestamp="22 Mar 2022 03:46:59 GMT" time="0.009" errors="0">
  <testcase name="main" time="0.009" classname="SeleniumProject.SeleniumProject.MainClass"/>
</testsuite> <!-- SeleniumProject.SeleniumProject.MainClass -->
