<?xml version="1.0" encoding="UTF-8"?>
<!-- Generated by org.testng.reporters.JUnitReportReporter -->
<testsuite hostname="DESKTOP-CD955F8" name="SeleniumProject.SeleniumProject.MainClass2" tests="1" failures="0" timestamp="22 Mar 2022 03:51:44 GMT" time="0.010" errors="0">
  <testcase name="test1" time="0.010" classname="SeleniumProject.SeleniumProject.MainClass2"/>
</testsuite> <!-- SeleniumProject.SeleniumProject.MainClass2 -->
