<?xml version="1.0" encoding="UTF-8"?>
<!-- Generated by org.testng.reporters.JUnitReportReporter -->
<testsuite hostname="DESKTOP-CD955F8" name="SeleniumProject.SeleniumProject.MainClass" tests="1" failures="0" timestamp="15 Mar 2022 00:14:33 GMT" time="6.931" errors="0">
  <testcase name="test1" time="6.931" classname="SeleniumProject.SeleniumProject.MainClass"/>
</testsuite> <!-- SeleniumProject.SeleniumProject.MainClass -->
